#
# There is insufficient memory for the Java Runtime Environment to continue.
# Native memory allocation (malloc) failed to allocate 1048576 bytes. Error detail: AllocateHeap
# Possible reasons:
#   The system is out of physical RAM or swap space
#   This process is running with CompressedOops enabled, and the Java Heap may be blocking the growth of the native heap
# Possible solutions:
#   Reduce memory load on the system
#   Increase physical memory or swap space
#   Check if swap backing store is full
#   Decrease Java heap size (-Xmx/-Xms)
#   Decrease number of Java threads
#   Decrease Java thread stack sizes (-Xss)
#   Set larger code cache with -XX:ReservedCodeCacheSize=
#   JVM is running with Unscaled Compressed Oops mode in which the Java heap is
#     placed in the first 4GB address space. The Java Heap base address is the
#     maximum limit for the native heap growth. Please use -XX:HeapBaseMinAddress
#     to set the Java Heap base and to place the Java Heap above 4GB virtual address.
# This output file may be truncated or incomplete.
#
#  Out of Memory Error (allocation.cpp:44), pid=3256, tid=17052
#
# JRE version: OpenJDK Runtime Environment Temurin-21.0.8+9 (21.0.8+9) (build 21.0.8+9-LTS)
# Java VM: OpenJDK 64-Bit Server VM Temurin-21.0.8+9 (21.0.8+9-LTS, mixed mode, sharing, tiered, compressed oops, compressed class ptrs, parallel gc, windows-amd64)
# No core dump will be written. Minidumps are not enabled by default on client versions of Windows
#

---------------  S U M M A R Y ------------

Command Line: --add-modules=ALL-SYSTEM --add-opens=java.base/java.util=ALL-UNNAMED --add-opens=java.base/java.lang=ALL-UNNAMED --add-opens=java.base/sun.nio.fs=ALL-UNNAMED -Declipse.application=org.eclipse.jdt.ls.core.id1 -Dosgi.bundles.defaultStartLevel=4 -Declipse.product=org.eclipse.jdt.ls.core.product -Djava.import.generatesMetadataFilesAtProjectRoot=false -DDetectVMInstallationsJob.disabled=true -Dfile.encoding=utf8 -XX:+UseParallelGC -XX:GCTimeRatio=4 -XX:AdaptiveSizePolicyWeight=90 -Dsun.zip.disableMemoryMapping=true -Xmx2G -Xms100m -Xlog:disable -javaagent:c:\Users\Tharaki Dilshara\.cursor\extensions\redhat.java-1.46.0-win32-x64\lombok\lombok-1.18.39-4050.jar -XX:+HeapDumpOnOutOfMemoryError -XX:HeapDumpPath=c:\Users\Tharaki Dilshara\AppData\Roaming\Cursor\User\workspaceStorage\dfb0e2f3aec1c32cc4a33c27e290fedf\redhat.java -Daether.dependencyCollector.impl=bf c:\Users\Tharaki Dilshara\.cursor\extensions\redhat.java-1.46.0-win32-x64\server\plugins\org.eclipse.equinox.launcher_1.7.0.v20250519-0528.jar -configuration c:\Users\Tharaki Dilshara\AppData\Roaming\Cursor\User\globalStorage\redhat.java\1.46.0\config_win -data c:\Users\Tharaki Dilshara\AppData\Roaming\Cursor\User\workspaceStorage\dfb0e2f3aec1c32cc4a33c27e290fedf\redhat.java\jdt_ws --pipe=\\.\pipe\lsp-12a5b9479fbb492e8c2d664e61d479f0-sock

Host: AMD Ryzen 3 5300U with Radeon Graphics         , 8 cores, 15G,  Windows 10 , 64 bit Build 19041 (10.0.19041.5915)
Time: Tue Oct 14 01:59:07 2025 W. Europe Daylight Time elapsed time: 168790.178767 seconds (1d 22h 53m 10s)

---------------  T H R E A D  ---------------

Current thread (0x0000024146244e00):  JavaThread "Attach Listener" daemon [_thread_in_vm, id=17052, stack(0x000000a807a00000,0x000000a807b00000) (1024K)]

Stack: [0x000000a807a00000,0x000000a807b00000]
Native frames: (J=compiled Java code, j=interpreted, Vv=VM code, C=native code)
V  [jvm.dll+0x6d2449]
V  [jvm.dll+0x8ae341]
V  [jvm.dll+0x8b08be]
V  [jvm.dll+0x8b0fa3]
V  [jvm.dll+0x280c96]
V  [jvm.dll+0xc0347]
V  [jvm.dll+0x6d2cf9]
V  [jvm.dll+0x131116]
V  [jvm.dll+0x3f2d16]
V  [jvm.dll+0x857e6b]
V  [jvm.dll+0x6d0b0d]
C  [ucrtbase.dll+0x21bb2]
C  [KERNEL32.DLL+0x17374]
C  [ntdll.dll+0x4cc91]


---------------  P R O C E S S  ---------------

Threads class SMR info:
_java_thread_list=0x00000241676bd6f0, length=34, elements={
0x00000241462cf4f0, 0x000002414623e340, 0x0000024146240250, 0x00000241462440f0,
0x0000024146244e00, 0x0000024146245b10, 0x0000024146248d20, 0x0000024146249b50,
0x0000024146268780, 0x000002415e5a9af0, 0x000002415e833200, 0x00000241635247a0,
0x0000024163b6b420, 0x0000024163848760, 0x0000024163896150, 0x00000241639c2020,
0x0000024163a55920, 0x0000024163bde420, 0x0000024163cd1620, 0x00000241641cfc30,
0x00000241641cdb60, 0x00000241641ce880, 0x00000241641ce1f0, 0x00000241641cef10,
0x00000241641cf5a0, 0x0000024167702fe0, 0x0000024167700880, 0x00000241676fd400,
0x0000024167702950, 0x00000241676fcd70, 0x00000241676ff4d0, 0x00000241676fee40,
0x00000241676ffb60, 0x00000241676fe120
}

Java Threads: ( => current thread )
  0x00000241462cf4f0 JavaThread "main"                              [_thread_blocked, id=12720, stack(0x000000a807300000,0x000000a807400000) (1024K)]
  0x000002414623e340 JavaThread "Reference Handler"          daemon [_thread_blocked, id=4304, stack(0x000000a807700000,0x000000a807800000) (1024K)]
  0x0000024146240250 JavaThread "Finalizer"                  daemon [_thread_blocked, id=4456, stack(0x000000a807800000,0x000000a807900000) (1024K)]
  0x00000241462440f0 JavaThread "Signal Dispatcher"          daemon [_thread_blocked, id=21176, stack(0x000000a807900000,0x000000a807a00000) (1024K)]
=>0x0000024146244e00 JavaThread "Attach Listener"            daemon [_thread_in_vm, id=17052, stack(0x000000a807a00000,0x000000a807b00000) (1024K)]
  0x0000024146245b10 JavaThread "Service Thread"             daemon [_thread_blocked, id=16868, stack(0x000000a807b00000,0x000000a807c00000) (1024K)]
  0x0000024146248d20 JavaThread "Monitor Deflation Thread"   daemon [_thread_blocked, id=21204, stack(0x000000a807c00000,0x000000a807d00000) (1024K)]
  0x0000024146249b50 JavaThread "C2 CompilerThread0"         daemon [_thread_blocked, id=21888, stack(0x000000a807d00000,0x000000a807e00000) (1024K)]
  0x0000024146268780 JavaThread "C1 CompilerThread0"         daemon [_thread_blocked, id=22296, stack(0x000000a807e00000,0x000000a807f00000) (1024K)]
  0x000002415e5a9af0 JavaThread "Common-Cleaner"             daemon [_thread_blocked, id=21796, stack(0x000000a807f00000,0x000000a808000000) (1024K)]
  0x000002415e833200 JavaThread "Notification Thread"        daemon [_thread_blocked, id=9672, stack(0x000000a808100000,0x000000a808200000) (1024K)]
  0x00000241635247a0 JavaThread "Active Thread: Equinox Container: 77707c45-232e-460c-83e9-303a27e0887f"        [_thread_blocked, id=16256, stack(0x000000a808900000,0x000000a808a00000) (1024K)]
  0x0000024163b6b420 JavaThread "Refresh Thread: Equinox Container: 77707c45-232e-460c-83e9-303a27e0887f" daemon [_thread_blocked, id=14880, stack(0x000000a808b00000,0x000000a808c00000) (1024K)]
  0x0000024163848760 JavaThread "Framework Event Dispatcher: Equinox Container: 77707c45-232e-460c-83e9-303a27e0887f" daemon [_thread_blocked, id=4924, stack(0x000000a808c00000,0x000000a808d00000) (1024K)]
  0x0000024163896150 JavaThread "Start Level: Equinox Container: 77707c45-232e-460c-83e9-303a27e0887f" daemon [_thread_blocked, id=14424, stack(0x000000a808d00000,0x000000a808e00000) (1024K)]
  0x00000241639c2020 JavaThread "Bundle File Closer"         daemon [_thread_blocked, id=22056, stack(0x000000a808e00000,0x000000a808f00000) (1024K)]
  0x0000024163a55920 JavaThread "SCR Component Actor"        daemon [_thread_blocked, id=19412, stack(0x000000a808f00000,0x000000a809000000) (1024K)]
  0x0000024163bde420 JavaThread "Worker-JM"                         [_thread_blocked, id=11088, stack(0x000000a809000000,0x000000a809100000) (1024K)]
  0x0000024163cd1620 JavaThread "JNA Cleaner"                daemon [_thread_blocked, id=20592, stack(0x000000a808000000,0x000000a808100000) (1024K)]
  0x00000241641cfc30 JavaThread "Worker-2"                          [_thread_blocked, id=22044, stack(0x000000a809300000,0x000000a809400000) (1024K)]
  0x00000241641cdb60 JavaThread "Java indexing"              daemon [_thread_blocked, id=20328, stack(0x000000a809500000,0x000000a809600000) (1024K)]
  0x00000241641ce880 JavaThread "Worker-4"                          [_thread_blocked, id=17624, stack(0x000000a809700000,0x000000a809800000) (1024K)]
  0x00000241641ce1f0 JavaThread "Thread-1"                   daemon [_thread_in_native, id=19460, stack(0x000000a809800000,0x000000a809900000) (1024K)]
  0x00000241641cef10 JavaThread "Thread-2"                   daemon [_thread_in_native, id=22176, stack(0x000000a809900000,0x000000a809a00000) (1024K)]
  0x00000241641cf5a0 JavaThread "Thread-3"                   daemon [_thread_in_native, id=9240, stack(0x000000a809a00000,0x000000a809b00000) (1024K)]
  0x0000024167702fe0 JavaThread "Thread-4"                   daemon [_thread_in_native, id=9012, stack(0x000000a809b00000,0x000000a809c00000) (1024K)]
  0x0000024167700880 JavaThread "Thread-5"                   daemon [_thread_in_native, id=19496, stack(0x000000a809c00000,0x000000a809d00000) (1024K)]
  0x00000241676fd400 JavaThread "Thread-6"                   daemon [_thread_in_native, id=21692, stack(0x000000a809d00000,0x000000a809e00000) (1024K)]
  0x0000024167702950 JavaThread "Thread-7"                   daemon [_thread_in_native, id=20800, stack(0x000000a809e00000,0x000000a809f00000) (1024K)]
  0x00000241676fcd70 JavaThread "Thread-8"                   daemon [_thread_in_native, id=2900, stack(0x000000a809f00000,0x000000a80a000000) (1024K)]
  0x00000241676ff4d0 JavaThread "Thread-9"                   daemon [_thread_in_native, id=20212, stack(0x000000a80a000000,0x000000a80a100000) (1024K)]
  0x00000241676fee40 JavaThread "pool-2-thread-1"                   [_thread_blocked, id=19308, stack(0x000000a80a100000,0x000000a80a200000) (1024K)]
  0x00000241676ffb60 JavaThread "WorkspaceEventsHandler"            [_thread_blocked, id=16060, stack(0x000000a80a200000,0x000000a80a300000) (1024K)]
  0x00000241676fe120 JavaThread "pool-1-thread-1"                   [_thread_blocked, id=14996, stack(0x000000a80a300000,0x000000a80a400000) (1024K)]
Total: 34

Other Threads:
  0x00000241462224b0 VMThread "VM Thread"                           [id=20820, stack(0x000000a807600000,0x000000a807700000) (1024K)]
  0x0000024146396980 WatcherThread "VM Periodic Task Thread"        [id=21748, stack(0x000000a807500000,0x000000a807600000) (1024K)]
  0x00000241462ec940 WorkerThread "GC Thread#0"                     [id=8840, stack(0x000000a807400000,0x000000a807500000) (1024K)]
  0x00000241633dba10 WorkerThread "GC Thread#1"                     [id=15560, stack(0x000000a808300000,0x000000a808400000) (1024K)]
  0x000002416377e7f0 WorkerThread "GC Thread#2"                     [id=17124, stack(0x000000a808400000,0x000000a808500000) (1024K)]
  0x0000024163475280 WorkerThread "GC Thread#3"                     [id=22088, stack(0x000000a808500000,0x000000a808600000) (1024K)]
  0x0000024163475620 WorkerThread "GC Thread#4"                     [id=20248, stack(0x000000a808600000,0x000000a808700000) (1024K)]
  0x0000024163223f40 WorkerThread "GC Thread#5"                     [id=14816, stack(0x000000a808700000,0x000000a808800000) (1024K)]
  0x00000241632242e0 WorkerThread "GC Thread#6"                     [id=15484, stack(0x000000a808800000,0x000000a808900000) (1024K)]
  0x00000241635000a0 WorkerThread "GC Thread#7"                     [id=5040, stack(0x000000a808a00000,0x000000a808b00000) (1024K)]
Total: 10

Threads with active compile tasks:
Total: 0

VM state: not at safepoint (normal execution)

VM Mutex/Monitor currently owned by a thread: None

Heap address: 0x0000000080000000, size: 2048 MB, Compressed Oops mode: 32-bit

CDS archive(s) mapped at: [0x0000024100000000-0x0000024100ba0000-0x0000024100ba0000), size 12189696, SharedBaseAddress: 0x0000024100000000, ArchiveRelocationMode: 1.
Compressed class space mapped at: 0x0000024101000000-0x0000024141000000, reserved size: 1073741824
Narrow klass base: 0x0000024100000000, Narrow klass shift: 0, Narrow klass range: 0x100000000

GC Precious Log:
 CardTable entry size: 512
 CPUs: 8 total, 8 available
 Memory: 15694M
 Large Page Support: Disabled
 NUMA Support: Disabled
 Compressed Oops: Enabled (32-bit)
 Alignments: Space 512K, Generation 512K, Heap 2M
 Heap Min Capacity: 100M
 Heap Initial Capacity: 100M
 Heap Max Capacity: 2G
 Pre-touch: Disabled
 Parallel Workers: 8

Heap:
 PSYoungGen      total 2048K, used 994K [0x00000000d5580000, 0x00000000d5f80000, 0x0000000100000000)
  eden space 1536K, 48% used [0x00000000d5580000,0x00000000d5638a48,0x00000000d5700000)
  from space 512K, 50% used [0x00000000d5e80000,0x00000000d5ec0000,0x00000000d5f00000)
  to   space 512K, 0% used [0x00000000d5f00000,0x00000000d5f00000,0x00000000d5f80000)
 ParOldGen       total 198656K, used 198279K [0x0000000080000000, 0x000000008c200000, 0x00000000d5580000)
  object space 198656K, 99% used [0x0000000080000000,0x000000008c1a1e20,0x000000008c200000)
 Metaspace       used 69451K, committed 71040K, reserved 1114112K
  class space    used 7294K, committed 8000K, reserved 1048576K

Card table byte_map: [0x0000024145c80000,0x0000024146090000] _byte_map_base: 0x0000024145880000

Marking Bits: (ParMarkBitMap*) 0x00007ff9072da340
 Begin Bits: [0x0000024158780000, 0x000002415a780000)
 End Bits:   [0x000002415a780000, 0x000002415c780000)

Polling page: 0x0000024144110000

Metaspace:

Usage:
  Non-class:     60.70 MB used.
      Class:      7.12 MB used.
       Both:     67.82 MB used.

Virtual space:
  Non-class space:       64.00 MB reserved,      61.56 MB ( 96%) committed,  1 nodes.
      Class space:        1.00 GB reserved,       7.81 MB ( <1%) committed,  1 nodes.
             Both:        1.06 GB reserved,      69.38 MB (  6%) committed. 

Chunk freelists:
   Non-Class:  2.28 MB
       Class:  8.17 MB
        Both:  10.45 MB

MaxMetaspaceSize: unlimited
CompressedClassSpaceSize: 1.00 GB
Initial GC threshold: 21.00 MB
Current GC threshold: 97.31 MB
CDS: on
 - commit_granule_bytes: 65536.
 - commit_granule_words: 8192.
 - virtual_space_node_default_size: 8388608.
 - enlarge_chunks_in_place: 1.
 - use_allocation_guard: 0.


Internal statistics:

num_allocs_failed_limit: 13.
num_arena_births: 1462.
num_arena_deaths: 14.
num_vsnodes_births: 2.
num_vsnodes_deaths: 0.
num_space_committed: 1110.
num_space_uncommitted: 0.
num_chunks_returned_to_freelist: 27.
num_chunks_taken_from_freelist: 4903.
num_chunk_merges: 18.
num_chunk_splits: 2980.
num_chunks_enlarged: 1570.
num_inconsistent_stats: 0.

CodeHeap 'non-profiled nmethods': size=120000Kb used=10548Kb max_used=10548Kb free=109451Kb
 bounds [0x0000024150fa0000, 0x00000241519f0000, 0x00000241584d0000]
CodeHeap 'profiled nmethods': size=120000Kb used=30790Kb max_used=30790Kb free=89209Kb
 bounds [0x00000241494d0000, 0x000002414b2f0000, 0x0000024150a00000]
CodeHeap 'non-nmethods': size=5760Kb used=1459Kb max_used=1560Kb free=4300Kb
 bounds [0x0000024150a00000, 0x0000024150c70000, 0x0000024150fa0000]
CodeCache: size=245760Kb, used=42797Kb, max_used=42898Kb, free=202960Kb
 total_blobs=14029, nmethods=13256, adapters=678, full_count=0
Compilation: enabled, stopped_count=0, restarted_count=0

Compilation events (20 events):
Event: 147237.118 Thread 0x0000024146249b50 14003       4       java.util.concurrent.atomic.AtomicLong::updateAndGet (59 bytes)
Event: 147237.127 Thread 0x0000024146249b50 nmethod 14003 0x00000241519ebc10 code [0x00000241519ebda0, 0x00000241519ebf40]
Event: 150537.081 Thread 0x0000024146268780 14004       3       org.eclipse.core.internal.jobs.JobListeners$$Lambda/0x000002410118a658::notify (8 bytes)
Event: 150537.082 Thread 0x0000024146268780 nmethod 14004 0x000002414b2dd590 code [0x000002414b2dd740, 0x000002414b2dd920]
Event: 150537.082 Thread 0x0000024146268780 14005       3       org.eclipse.core.internal.jobs.JobListeners$$Lambda/0x000002410118acb8::notify (8 bytes)
Event: 150537.083 Thread 0x0000024146268780 nmethod 14005 0x000002414b2dda10 code [0x000002414b2ddbc0, 0x000002414b2ddda0]
Event: 155937.268 Thread 0x0000024146268780 14006       1       org.eclipse.core.internal.utils.StringPool::getSavedStringCount (5 bytes)
Event: 155937.269 Thread 0x0000024146268780 nmethod 14006 0x00000241519ec110 code [0x00000241519ec2a0, 0x00000241519ec368]
Event: 160437.293 Thread 0x0000024146268780 14007       3       org.eclipse.core.internal.jobs.DeadlockDetector::lockAcquired (99 bytes)
Event: 160437.314 Thread 0x0000024146268780 nmethod 14007 0x000002414b2dde90 code [0x000002414b2de100, 0x000002414b2de9e0]
Event: 160437.315 Thread 0x0000024146268780 14008       3       org.eclipse.core.internal.jobs.DeadlockDetector::computeConflicting (124 bytes)
Event: 160437.360 Thread 0x0000024146268780 nmethod 14008 0x000002414b2dee10 code [0x000002414b2df100, 0x000002414b2e0590]
Event: 161337.302 Thread 0x0000024146249b50 14009       4       sun.security.provider.HashDrbg::addBytes (130 bytes)
Event: 161337.328 Thread 0x0000024146249b50 nmethod 14009 0x00000241519ec410 code [0x00000241519ec5a0, 0x00000241519ec8e0]
Event: 163137.315 Thread 0x0000024146268780 14010  s    3       org.eclipse.core.internal.jobs.WorkerPool::jobQueued (69 bytes)
Event: 163137.333 Thread 0x0000024146268780 nmethod 14010 0x000002414b2e0c90 code [0x000002414b2e0ee0, 0x000002414b2e1678]
Event: 165837.448 Thread 0x0000024146268780 14011       3       org.eclipse.core.runtime.jobs.JobChangeAdapter::aboutToRun (1 bytes)
Event: 165837.448 Thread 0x0000024146268780 nmethod 14011 0x000002414b2e1890 code [0x000002414b2e1a20, 0x000002414b2e1b28]
Event: 166737.515 Thread 0x0000024146249b50 14012       4       sun.security.provider.HashDrbg::addBytes (130 bytes)
Event: 166737.523 Thread 0x0000024146249b50 nmethod 14012 0x00000241519eca10 code [0x00000241519ecba0, 0x00000241519ecf60]

GC Heap History (20 events):
Event: 60.717 GC heap before
{Heap before GC invocations=169 (full 3):
 PSYoungGen      total 2048K, used 1777K [0x00000000d5580000, 0x00000000d5f80000, 0x0000000100000000)
  eden space 1536K, 99% used [0x00000000d5580000,0x00000000d56ff400,0x00000000d5700000)
  from space 512K, 47% used [0x00000000d5e80000,0x00000000d5ebd200,0x00000000d5f00000)
  to   space 512K, 0% used [0x00000000d5f00000,0x00000000d5f00000,0x00000000d5f80000)
 ParOldGen       total 198144K, used 197871K [0x0000000080000000, 0x000000008c180000, 0x00000000d5580000)
  object space 198144K, 99% used [0x0000000080000000,0x000000008c13be20,0x000000008c180000)
 Metaspace       used 68778K, committed 70336K, reserved 1114112K
  class space    used 7239K, committed 7936K, reserved 1048576K
}
Event: 60.719 GC heap after
{Heap after GC invocations=169 (full 3):
 PSYoungGen      total 2048K, used 244K [0x00000000d5580000, 0x00000000d5f80000, 0x0000000100000000)
  eden space 1536K, 0% used [0x00000000d5580000,0x00000000d5580000,0x00000000d5700000)
  from space 512K, 47% used [0x00000000d5f00000,0x00000000d5f3d200,0x00000000d5f80000)
  to   space 512K, 0% used [0x00000000d5e80000,0x00000000d5e80000,0x00000000d5f00000)
 ParOldGen       total 198144K, used 197919K [0x0000000080000000, 0x000000008c180000, 0x00000000d5580000)
  object space 198144K, 99% used [0x0000000080000000,0x000000008c147e20,0x000000008c180000)
 Metaspace       used 68778K, committed 70336K, reserved 1114112K
  class space    used 7239K, committed 7936K, reserved 1048576K
}
Event: 60.733 GC heap before
{Heap before GC invocations=170 (full 3):
 PSYoungGen      total 2048K, used 1780K [0x00000000d5580000, 0x00000000d5f80000, 0x0000000100000000)
  eden space 1536K, 100% used [0x00000000d5580000,0x00000000d5700000,0x00000000d5700000)
  from space 512K, 47% used [0x00000000d5f00000,0x00000000d5f3d200,0x00000000d5f80000)
  to   space 512K, 0% used [0x00000000d5e80000,0x00000000d5e80000,0x00000000d5f00000)
 ParOldGen       total 198144K, used 197919K [0x0000000080000000, 0x000000008c180000, 0x00000000d5580000)
  object space 198144K, 99% used [0x0000000080000000,0x000000008c147e20,0x000000008c180000)
 Metaspace       used 68805K, committed 70400K, reserved 1114112K
  class space    used 7240K, committed 7936K, reserved 1048576K
}
Event: 60.735 GC heap after
{Heap after GC invocations=170 (full 3):
 PSYoungGen      total 2048K, used 212K [0x00000000d5580000, 0x00000000d5f80000, 0x0000000100000000)
  eden space 1536K, 0% used [0x00000000d5580000,0x00000000d5580000,0x00000000d5700000)
  from space 512K, 41% used [0x00000000d5e80000,0x00000000d5eb5200,0x00000000d5f00000)
  to   space 512K, 0% used [0x00000000d5f00000,0x00000000d5f00000,0x00000000d5f80000)
 ParOldGen       total 198144K, used 197943K [0x0000000080000000, 0x000000008c180000, 0x00000000d5580000)
  object space 198144K, 99% used [0x0000000080000000,0x000000008c14de20,0x000000008c180000)
 Metaspace       used 68805K, committed 70400K, reserved 1114112K
  class space    used 7240K, committed 7936K, reserved 1048576K
}
Event: 61.178 GC heap before
{Heap before GC invocations=171 (full 3):
 PSYoungGen      total 2048K, used 1745K [0x00000000d5580000, 0x00000000d5f80000, 0x0000000100000000)
  eden space 1536K, 99% used [0x00000000d5580000,0x00000000d56ff400,0x00000000d5700000)
  from space 512K, 41% used [0x00000000d5e80000,0x00000000d5eb5200,0x00000000d5f00000)
  to   space 512K, 0% used [0x00000000d5f00000,0x00000000d5f00000,0x00000000d5f80000)
 ParOldGen       total 198144K, used 197943K [0x0000000080000000, 0x000000008c180000, 0x00000000d5580000)
  object space 198144K, 99% used [0x0000000080000000,0x000000008c14de20,0x000000008c180000)
 Metaspace       used 68909K, committed 70464K, reserved 1114112K
  class space    used 7259K, committed 7936K, reserved 1048576K
}
Event: 61.180 GC heap after
{Heap after GC invocations=171 (full 3):
 PSYoungGen      total 2048K, used 192K [0x00000000d5580000, 0x00000000d5f80000, 0x0000000100000000)
  eden space 1536K, 0% used [0x00000000d5580000,0x00000000d5580000,0x00000000d5700000)
  from space 512K, 37% used [0x00000000d5f00000,0x00000000d5f30000,0x00000000d5f80000)
  to   space 512K, 0% used [0x00000000d5e80000,0x00000000d5e80000,0x00000000d5f00000)
 ParOldGen       total 198144K, used 197967K [0x0000000080000000, 0x000000008c180000, 0x00000000d5580000)
  object space 198144K, 99% used [0x0000000080000000,0x000000008c153e20,0x000000008c180000)
 Metaspace       used 68909K, committed 70464K, reserved 1114112K
  class space    used 7259K, committed 7936K, reserved 1048576K
}
Event: 61.372 GC heap before
{Heap before GC invocations=172 (full 3):
 PSYoungGen      total 2048K, used 1728K [0x00000000d5580000, 0x00000000d5f80000, 0x0000000100000000)
  eden space 1536K, 100% used [0x00000000d5580000,0x00000000d5700000,0x00000000d5700000)
  from space 512K, 37% used [0x00000000d5f00000,0x00000000d5f30000,0x00000000d5f80000)
  to   space 512K, 0% used [0x00000000d5e80000,0x00000000d5e80000,0x00000000d5f00000)
 ParOldGen       total 198144K, used 197967K [0x0000000080000000, 0x000000008c180000, 0x00000000d5580000)
  object space 198144K, 99% used [0x0000000080000000,0x000000008c153e20,0x000000008c180000)
 Metaspace       used 69031K, committed 70592K, reserved 1114112K
  class space    used 7265K, committed 7936K, reserved 1048576K
}
Event: 61.374 GC heap after
{Heap after GC invocations=172 (full 3):
 PSYoungGen      total 2048K, used 244K [0x00000000d5580000, 0x00000000d5f80000, 0x0000000100000000)
  eden space 1536K, 0% used [0x00000000d5580000,0x00000000d5580000,0x00000000d5700000)
  from space 512K, 47% used [0x00000000d5e80000,0x00000000d5ebd200,0x00000000d5f00000)
  to   space 512K, 0% used [0x00000000d5f00000,0x00000000d5f00000,0x00000000d5f80000)
 ParOldGen       total 198144K, used 198023K [0x0000000080000000, 0x000000008c180000, 0x00000000d5580000)
  object space 198144K, 99% used [0x0000000080000000,0x000000008c161e20,0x000000008c180000)
 Metaspace       used 69031K, committed 70592K, reserved 1114112K
  class space    used 7265K, committed 7936K, reserved 1048576K
}
Event: 61.387 GC heap before
{Heap before GC invocations=173 (full 3):
 PSYoungGen      total 2048K, used 1780K [0x00000000d5580000, 0x00000000d5f80000, 0x0000000100000000)
  eden space 1536K, 100% used [0x00000000d5580000,0x00000000d5700000,0x00000000d5700000)
  from space 512K, 47% used [0x00000000d5e80000,0x00000000d5ebd200,0x00000000d5f00000)
  to   space 512K, 0% used [0x00000000d5f00000,0x00000000d5f00000,0x00000000d5f80000)
 ParOldGen       total 198144K, used 198023K [0x0000000080000000, 0x000000008c180000, 0x00000000d5580000)
  object space 198144K, 99% used [0x0000000080000000,0x000000008c161e20,0x000000008c180000)
 Metaspace       used 69038K, committed 70592K, reserved 1114112K
  class space    used 7265K, committed 7936K, reserved 1048576K
}
Event: 61.390 GC heap after
{Heap after GC invocations=173 (full 3):
 PSYoungGen      total 2048K, used 192K [0x00000000d5580000, 0x00000000d5f80000, 0x0000000100000000)
  eden space 1536K, 0% used [0x00000000d5580000,0x00000000d5580000,0x00000000d5700000)
  from space 512K, 37% used [0x00000000d5f00000,0x00000000d5f30000,0x00000000d5f80000)
  to   space 512K, 0% used [0x00000000d5e80000,0x00000000d5e80000,0x00000000d5f00000)
 ParOldGen       total 198144K, used 198063K [0x0000000080000000, 0x000000008c180000, 0x00000000d5580000)
  object space 198144K, 99% used [0x0000000080000000,0x000000008c16be20,0x000000008c180000)
 Metaspace       used 69038K, committed 70592K, reserved 1114112K
  class space    used 7265K, committed 7936K, reserved 1048576K
}
Event: 61.556 GC heap before
{Heap before GC invocations=174 (full 3):
 PSYoungGen      total 2048K, used 1728K [0x00000000d5580000, 0x00000000d5f80000, 0x0000000100000000)
  eden space 1536K, 100% used [0x00000000d5580000,0x00000000d5700000,0x00000000d5700000)
  from space 512K, 37% used [0x00000000d5f00000,0x00000000d5f30000,0x00000000d5f80000)
  to   space 512K, 0% used [0x00000000d5e80000,0x00000000d5e80000,0x00000000d5f00000)
 ParOldGen       total 198144K, used 198063K [0x0000000080000000, 0x000000008c180000, 0x00000000d5580000)
  object space 198144K, 99% used [0x0000000080000000,0x000000008c16be20,0x000000008c180000)
 Metaspace       used 69041K, committed 70592K, reserved 1114112K
  class space    used 7265K, committed 7936K, reserved 1048576K
}
Event: 61.558 GC heap after
{Heap after GC invocations=174 (full 3):
 PSYoungGen      total 2048K, used 160K [0x00000000d5580000, 0x00000000d5f80000, 0x0000000100000000)
  eden space 1536K, 0% used [0x00000000d5580000,0x00000000d5580000,0x00000000d5700000)
  from space 512K, 31% used [0x00000000d5e80000,0x00000000d5ea8000,0x00000000d5f00000)
  to   space 512K, 0% used [0x00000000d5f00000,0x00000000d5f00000,0x00000000d5f80000)
 ParOldGen       total 198144K, used 198071K [0x0000000080000000, 0x000000008c180000, 0x00000000d5580000)
  object space 198144K, 99% used [0x0000000080000000,0x000000008c16de20,0x000000008c180000)
 Metaspace       used 69041K, committed 70592K, reserved 1114112K
  class space    used 7265K, committed 7936K, reserved 1048576K
}
Event: 316.323 GC heap before
{Heap before GC invocations=175 (full 3):
 PSYoungGen      total 2048K, used 1696K [0x00000000d5580000, 0x00000000d5f80000, 0x0000000100000000)
  eden space 1536K, 100% used [0x00000000d5580000,0x00000000d5700000,0x00000000d5700000)
  from space 512K, 31% used [0x00000000d5e80000,0x00000000d5ea8000,0x00000000d5f00000)
  to   space 512K, 0% used [0x00000000d5f00000,0x00000000d5f00000,0x00000000d5f80000)
 ParOldGen       total 198144K, used 198071K [0x0000000080000000, 0x000000008c180000, 0x00000000d5580000)
  object space 198144K, 99% used [0x0000000080000000,0x000000008c16de20,0x000000008c180000)
 Metaspace       used 69234K, committed 70848K, reserved 1114112K
  class space    used 7286K, committed 8000K, reserved 1048576K
}
Event: 316.326 GC heap after
{Heap after GC invocations=175 (full 3):
 PSYoungGen      total 2048K, used 192K [0x00000000d5580000, 0x00000000d5f80000, 0x0000000100000000)
  eden space 1536K, 0% used [0x00000000d5580000,0x00000000d5580000,0x00000000d5700000)
  from space 512K, 37% used [0x00000000d5f00000,0x00000000d5f30000,0x00000000d5f80000)
  to   space 512K, 0% used [0x00000000d5e80000,0x00000000d5e80000,0x00000000d5f00000)
 ParOldGen       total 198144K, used 198095K [0x0000000080000000, 0x000000008c180000, 0x00000000d5580000)
  object space 198144K, 99% used [0x0000000080000000,0x000000008c173e20,0x000000008c180000)
 Metaspace       used 69234K, committed 70848K, reserved 1114112K
  class space    used 7286K, committed 8000K, reserved 1048576K
}
Event: 49733.338 GC heap before
{Heap before GC invocations=176 (full 3):
 PSYoungGen      total 2048K, used 1727K [0x00000000d5580000, 0x00000000d5f80000, 0x0000000100000000)
  eden space 1536K, 99% used [0x00000000d5580000,0x00000000d56ffff0,0x00000000d5700000)
  from space 512K, 37% used [0x00000000d5f00000,0x00000000d5f30000,0x00000000d5f80000)
  to   space 512K, 0% used [0x00000000d5e80000,0x00000000d5e80000,0x00000000d5f00000)
 ParOldGen       total 198144K, used 198095K [0x0000000080000000, 0x000000008c180000, 0x00000000d5580000)
  object space 198144K, 99% used [0x0000000080000000,0x000000008c173e20,0x000000008c180000)
 Metaspace       used 69384K, committed 70976K, reserved 1114112K
  class space    used 7294K, committed 8000K, reserved 1048576K
}
Event: 49733.340 GC heap after
{Heap after GC invocations=176 (full 3):
 PSYoungGen      total 2048K, used 192K [0x00000000d5580000, 0x00000000d5f80000, 0x0000000100000000)
  eden space 1536K, 0% used [0x00000000d5580000,0x00000000d5580000,0x00000000d5700000)
  from space 512K, 37% used [0x00000000d5e80000,0x00000000d5eb0000,0x00000000d5f00000)
  to   space 512K, 0% used [0x00000000d5f00000,0x00000000d5f00000,0x00000000d5f80000)
 ParOldGen       total 198656K, used 198167K [0x0000000080000000, 0x000000008c200000, 0x00000000d5580000)
  object space 198656K, 99% used [0x0000000080000000,0x000000008c185e20,0x000000008c200000)
 Metaspace       used 69384K, committed 70976K, reserved 1114112K
  class space    used 7294K, committed 8000K, reserved 1048576K
}
Event: 69111.188 GC heap before
{Heap before GC invocations=177 (full 3):
 PSYoungGen      total 2048K, used 1727K [0x00000000d5580000, 0x00000000d5f80000, 0x0000000100000000)
  eden space 1536K, 99% used [0x00000000d5580000,0x00000000d56fffe8,0x00000000d5700000)
  from space 512K, 37% used [0x00000000d5e80000,0x00000000d5eb0000,0x00000000d5f00000)
  to   space 512K, 0% used [0x00000000d5f00000,0x00000000d5f00000,0x00000000d5f80000)
 ParOldGen       total 198656K, used 198167K [0x0000000080000000, 0x000000008c200000, 0x00000000d5580000)
  object space 198656K, 99% used [0x0000000080000000,0x000000008c185e20,0x000000008c200000)
 Metaspace       used 69428K, committed 70976K, reserved 1114112K
  class space    used 7294K, committed 8000K, reserved 1048576K
}
Event: 69111.189 GC heap after
{Heap after GC invocations=177 (full 3):
 PSYoungGen      total 2048K, used 192K [0x00000000d5580000, 0x00000000d5f80000, 0x0000000100000000)
  eden space 1536K, 0% used [0x00000000d5580000,0x00000000d5580000,0x00000000d5700000)
  from space 512K, 37% used [0x00000000d5f00000,0x00000000d5f30000,0x00000000d5f80000)
  to   space 512K, 0% used [0x00000000d5e80000,0x00000000d5e80000,0x00000000d5f00000)
 ParOldGen       total 198656K, used 198239K [0x0000000080000000, 0x000000008c200000, 0x00000000d5580000)
  object space 198656K, 99% used [0x0000000080000000,0x000000008c197e20,0x000000008c200000)
 Metaspace       used 69428K, committed 70976K, reserved 1114112K
  class space    used 7294K, committed 8000K, reserved 1048576K
}
Event: 131636.346 GC heap before
{Heap before GC invocations=178 (full 3):
 PSYoungGen      total 2048K, used 1727K [0x00000000d5580000, 0x00000000d5f80000, 0x0000000100000000)
  eden space 1536K, 99% used [0x00000000d5580000,0x00000000d56ffff8,0x00000000d5700000)
  from space 512K, 37% used [0x00000000d5f00000,0x00000000d5f30000,0x00000000d5f80000)
  to   space 512K, 0% used [0x00000000d5e80000,0x00000000d5e80000,0x00000000d5f00000)
 ParOldGen       total 198656K, used 198239K [0x0000000080000000, 0x000000008c200000, 0x00000000d5580000)
  object space 198656K, 99% used [0x0000000080000000,0x000000008c197e20,0x000000008c200000)
 Metaspace       used 69445K, committed 71040K, reserved 1114112K
  class space    used 7294K, committed 8000K, reserved 1048576K
}
Event: 131636.475 GC heap after
{Heap after GC invocations=178 (full 3):
 PSYoungGen      total 2048K, used 256K [0x00000000d5580000, 0x00000000d5f80000, 0x0000000100000000)
  eden space 1536K, 0% used [0x00000000d5580000,0x00000000d5580000,0x00000000d5700000)
  from space 512K, 50% used [0x00000000d5e80000,0x00000000d5ec0000,0x00000000d5f00000)
  to   space 512K, 0% used [0x00000000d5f00000,0x00000000d5f00000,0x00000000d5f80000)
 ParOldGen       total 198656K, used 198279K [0x0000000080000000, 0x000000008c200000, 0x00000000d5580000)
  object space 198656K, 99% used [0x0000000080000000,0x000000008c1a1e20,0x000000008c200000)
 Metaspace       used 69445K, committed 71040K, reserved 1114112K
  class space    used 7294K, committed 8000K, reserved 1048576K
}

Dll operation events (10 events):
Event: 0.030 Loaded shared library c:\Users\Tharaki Dilshara\.cursor\extensions\redhat.java-1.46.0-win32-x64\jre\21.0.8-win32-x86_64\bin\java.dll
Event: 0.197 Loaded shared library c:\Users\Tharaki Dilshara\.cursor\extensions\redhat.java-1.46.0-win32-x64\jre\21.0.8-win32-x86_64\bin\zip.dll
Event: 0.242 Loaded shared library C:\Users\Tharaki Dilshara\.cursor\extensions\redhat.java-1.46.0-win32-x64\jre\21.0.8-win32-x86_64\bin\instrument.dll
Event: 0.251 Loaded shared library C:\Users\Tharaki Dilshara\.cursor\extensions\redhat.java-1.46.0-win32-x64\jre\21.0.8-win32-x86_64\bin\net.dll
Event: 0.255 Loaded shared library C:\Users\Tharaki Dilshara\.cursor\extensions\redhat.java-1.46.0-win32-x64\jre\21.0.8-win32-x86_64\bin\nio.dll
Event: 0.262 Loaded shared library C:\Users\Tharaki Dilshara\.cursor\extensions\redhat.java-1.46.0-win32-x64\jre\21.0.8-win32-x86_64\bin\zip.dll
Event: 0.300 Loaded shared library C:\Users\Tharaki Dilshara\.cursor\extensions\redhat.java-1.46.0-win32-x64\jre\21.0.8-win32-x86_64\bin\jimage.dll
Event: 0.475 Loaded shared library c:\Users\Tharaki Dilshara\.cursor\extensions\redhat.java-1.46.0-win32-x64\jre\21.0.8-win32-x86_64\bin\verify.dll
Event: 2.460 Loaded shared library C:\Users\Tharaki Dilshara\AppData\Roaming\Cursor\User\globalStorage\redhat.java\1.46.0\config_win\org.eclipse.equinox.launcher\org.eclipse.equinox.launcher.win32.win32.x86_64_1.2.1400.v20250801-0854\eclipse_11916.dll
Event: 5.052 Loaded shared library C:\Users\Tharaki Dilshara\AppData\Local\Temp\jna-973394842\jna4816508213614360907.dll

Deoptimization events (20 events):
Event: 99715.478 Thread 0x00000241641ce880 DEOPT PACKING pc=0x00000241519dd44c sp=0x000000a8097ff1a0
Event: 99715.478 Thread 0x00000241641ce880 DEOPT UNPACKING pc=0x0000024150a53aa2 sp=0x000000a8097ff138 mode 2
Event: 161337.302 Thread 0x00000241641cfc30 DEOPT PACKING pc=0x000002414a0f75cd sp=0x000000a8093fed50
Event: 161337.307 Thread 0x00000241641cfc30 DEOPT UNPACKING pc=0x0000024150a54242 sp=0x000000a8093fe1b0 mode 0
Event: 162237.310 Thread 0x00000241641ce880 Uncommon trap: trap_request=0xffffffbe fr.pc=0x00000241519ec82c relative=0x000000000000028c
Event: 162237.310 Thread 0x00000241641ce880 Uncommon trap: reason=profile_predicate action=maybe_recompile pc=0x00000241519ec82c method=sun.security.provider.HashDrbg.addBytes([BI[[B)V @ 36 c2
Event: 162237.310 Thread 0x00000241641ce880 DEOPT PACKING pc=0x00000241519ec82c sp=0x000000a8097febc0
Event: 162237.310 Thread 0x00000241641ce880 DEOPT UNPACKING pc=0x0000024150a53aa2 sp=0x000000a8097feb10 mode 2
Event: 162237.310 Thread 0x00000241641ce880 Uncommon trap: trap_request=0xffffffbe fr.pc=0x00000241519ec82c relative=0x000000000000028c
Event: 162237.310 Thread 0x00000241641ce880 Uncommon trap: reason=profile_predicate action=maybe_recompile pc=0x00000241519ec82c method=sun.security.provider.HashDrbg.addBytes([BI[[B)V @ 36 c2
Event: 162237.310 Thread 0x00000241641ce880 DEOPT PACKING pc=0x00000241519ec82c sp=0x000000a8097fef60
Event: 162237.310 Thread 0x00000241641ce880 DEOPT UNPACKING pc=0x0000024150a53aa2 sp=0x000000a8097feeb0 mode 2
Event: 163137.312 Thread 0x00000241641ce880 Uncommon trap: trap_request=0xffffffbe fr.pc=0x00000241519ec82c relative=0x000000000000028c
Event: 163137.312 Thread 0x00000241641ce880 Uncommon trap: reason=profile_predicate action=maybe_recompile pc=0x00000241519ec82c method=sun.security.provider.HashDrbg.addBytes([BI[[B)V @ 36 c2
Event: 163137.312 Thread 0x00000241641ce880 DEOPT PACKING pc=0x00000241519ec82c sp=0x000000a8097febc0
Event: 163137.313 Thread 0x00000241641ce880 DEOPT UNPACKING pc=0x0000024150a53aa2 sp=0x000000a8097feb10 mode 2
Event: 163137.313 Thread 0x00000241641ce880 Uncommon trap: trap_request=0xffffffbe fr.pc=0x00000241519ec82c relative=0x000000000000028c
Event: 163137.313 Thread 0x00000241641ce880 Uncommon trap: reason=profile_predicate action=maybe_recompile pc=0x00000241519ec82c method=sun.security.provider.HashDrbg.addBytes([BI[[B)V @ 36 c2
Event: 163137.313 Thread 0x00000241641ce880 DEOPT PACKING pc=0x00000241519ec82c sp=0x000000a8097fef60
Event: 163137.313 Thread 0x00000241641ce880 DEOPT UNPACKING pc=0x0000024150a53aa2 sp=0x000000a8097feeb0 mode 2

Classes loaded (20 events):
Event: 32.226 Loading class sun/nio/cs/Surrogate$Parser
Event: 32.226 Loading class sun/nio/cs/Surrogate$Parser done
Event: 32.226 Loading class sun/nio/cs/Surrogate
Event: 32.226 Loading class sun/nio/cs/Surrogate done
Event: 316.287 Loading class java/util/stream/Nodes$CollectorTask$OfRef
Event: 316.288 Loading class java/util/stream/Nodes$CollectorTask
Event: 316.288 Loading class java/util/stream/Nodes$CollectorTask done
Event: 316.288 Loading class java/util/stream/Nodes$CollectorTask$OfRef done
Event: 316.292 Loading class java/util/function/LongFunction
Event: 316.292 Loading class java/util/function/LongFunction done
Event: 316.292 Loading class java/util/stream/Nodes$ConcNode
Event: 316.292 Loading class java/util/stream/Nodes$AbstractConcNode
Event: 316.293 Loading class java/util/stream/Nodes$AbstractConcNode done
Event: 316.293 Loading class java/util/stream/Nodes$ConcNode done
Event: 316.314 Loading class java/io/ObjectOutputStream$BlockDataOutputStream
Event: 316.314 Loading class java/io/ObjectOutputStream$BlockDataOutputStream done
Event: 316.315 Loading class java/io/ObjectOutputStream$HandleTable
Event: 316.315 Loading class java/io/ObjectOutputStream$HandleTable done
Event: 316.315 Loading class java/io/ObjectOutputStream$ReplaceTable
Event: 316.315 Loading class java/io/ObjectOutputStream$ReplaceTable done

Classes unloaded (7 events):
Event: 6.278 Thread 0x00000241462224b0 Unloading class 0x00000241011aa000 'java/lang/invoke/LambdaForm$MH+0x00000241011aa000'
Event: 6.278 Thread 0x00000241462224b0 Unloading class 0x00000241011a9c00 'java/lang/invoke/LambdaForm$MH+0x00000241011a9c00'
Event: 6.278 Thread 0x00000241462224b0 Unloading class 0x00000241011a9800 'java/lang/invoke/LambdaForm$MH+0x00000241011a9800'
Event: 6.278 Thread 0x00000241462224b0 Unloading class 0x00000241011a9400 'java/lang/invoke/LambdaForm$MH+0x00000241011a9400'
Event: 6.278 Thread 0x00000241462224b0 Unloading class 0x00000241011a9000 'java/lang/invoke/LambdaForm$BMH+0x00000241011a9000'
Event: 6.278 Thread 0x00000241462224b0 Unloading class 0x00000241011a8c00 'java/lang/invoke/LambdaForm$DMH+0x00000241011a8c00'
Event: 6.278 Thread 0x00000241462224b0 Unloading class 0x00000241011a3800 'java/lang/invoke/LambdaForm$DMH+0x00000241011a3800'

Classes redefined (0 events):
No events

Internal exceptions (20 events):
Event: 22.245 Thread 0x0000024165065d20 Implicit null exception at 0x000002415126538f to 0x0000024151265fac
Event: 27.285 Thread 0x00000241676fda90 Exception <a 'java/lang/ArrayIndexOutOfBoundsException'{0x00000000d601d4e0}> (0x00000000d601d4e0) 
thrown [s\src\hotspot\share\runtime\sharedRuntime.cpp, line 625]
Event: 27.875 Thread 0x00000241641cdb60 Exception <a 'sun/nio/fs/WindowsException'{0x00000000d59029b0}> (0x00000000d59029b0) 
thrown [s\src\hotspot\share\prims\jni.cpp, line 520]
Event: 28.689 Thread 0x00000241641cdb60 Exception <a 'sun/nio/fs/WindowsException'{0x00000000d59e39b8}> (0x00000000d59e39b8) 
thrown [s\src\hotspot\share\prims\jni.cpp, line 520]
Event: 28.696 Thread 0x00000241641cdb60 Implicit null exception at 0x00000241516a01e2 to 0x00000241516a0618
Event: 29.153 Thread 0x0000024167703670 Exception <a 'java/lang/ArrayIndexOutOfBoundsException'{0x00000000d590c618}> (0x00000000d590c618) 
thrown [s\src\hotspot\share\runtime\sharedRuntime.cpp, line 625]
Event: 31.692 Thread 0x00000241676fe120 Exception <a 'java/lang/IncompatibleClassChangeError'{0x00000000d5a11868}: Found class java.lang.Object, but interface was expected> (0x00000000d5a11868) 
thrown [s\src\hotspot\share\interpreter\linkResolver.cpp, line 840]
Event: 31.693 Thread 0x00000241676fe120 Exception <a 'java/lang/IncompatibleClassChangeError'{0x00000000d5a156e0}: Found class java.lang.Object, but interface was expected> (0x00000000d5a156e0) 
thrown [s\src\hotspot\share\interpreter\linkResolver.cpp, line 840]
Event: 31.778 Thread 0x00000241641cdb60 Exception <a 'sun/nio/fs/WindowsException'{0x00000000d5c1dab8}> (0x00000000d5c1dab8) 
thrown [s\src\hotspot\share\prims\jni.cpp, line 520]
Event: 32.148 Thread 0x00000241641cdb60 Exception <a 'sun/nio/fs/WindowsException'{0x00000000d5889838}> (0x00000000d5889838) 
thrown [s\src\hotspot\share\prims\jni.cpp, line 520]
Event: 46.625 Thread 0x00000241677015a0 Exception <a 'java/lang/ArrayIndexOutOfBoundsException'{0x00000000d5e2b950}> (0x00000000d5e2b950) 
thrown [s\src\hotspot\share\runtime\sharedRuntime.cpp, line 625]
Event: 58.304 Thread 0x00000241641cdb60 Exception <a 'sun/nio/fs/WindowsException'{0x00000000d563ea68}> (0x00000000d563ea68) 
thrown [s\src\hotspot\share\prims\jni.cpp, line 520]
Event: 58.898 Thread 0x00000241676fe120 Exception <a 'java/lang/IncompatibleClassChangeError'{0x00000000d59d3280}: Found class java.lang.Object, but interface was expected> (0x00000000d59d3280) 
thrown [s\src\hotspot\share\interpreter\linkResolver.cpp, line 840]
Event: 58.946 Thread 0x00000241677015a0 Implicit null exception at 0x000002415177bafa to 0x000002415177bbc6
Event: 59.160 Thread 0x00000241641cdb60 Exception <a 'sun/nio/fs/WindowsException'{0x00000000d55e6098}> (0x00000000d55e6098) 
thrown [s\src\hotspot\share\prims\jni.cpp, line 520]
Event: 61.147 Thread 0x00000241676fe120 Exception <a 'java/lang/IncompatibleClassChangeError'{0x00000000d564aee8}: Found class java.lang.Object, but interface was expected> (0x00000000d564aee8) 
thrown [s\src\hotspot\share\interpreter\linkResolver.cpp, line 840]
Event: 316.305 Thread 0x00000241641ce880 Implicit null exception at 0x000002415168b506 to 0x000002415168b87c
Event: 316.345 Thread 0x00000241641ce880 Exception <a 'java/lang/NoSuchMethodError'{0x00000000d55d6fc0}: static [J.<clinit>()V> (0x00000000d55d6fc0) 
thrown [s\src\hotspot\share\prims\jni.cpp, line 1111]
Event: 316.353 Thread 0x00000241641ce880 Exception <a 'java/lang/NoSuchMethodError'{0x00000000d5607b10}: 'java.lang.Object java.lang.invoke.DirectMethodHandle$Holder.newInvokeSpecial(java.lang.Object, java.lang.Object, java.lang.Object, java.lang.Object, java.lang.Object, java.lang.Object, java.lang.Object, java.lang.Object)'> (0x00000000d5607b10) 
thrown [s\src\hotspot\share\interpreter\linkResolver.cpp, line 773]
Event: 106566.018 Thread 0x00000241676fe120 Exception <a 'java/lang/IncompatibleClassChangeError'{0x00000000d567e960}: Found class java.lang.Object, but interface was expected> (0x00000000d567e960) 
thrown [s\src\hotspot\share\interpreter\linkResolver.cpp, line 840]

ZGC Phase Switch (0 events):
No events

VM Operations (20 events):
Event: 168542.360 Executing VM operation: HandshakeAllThreads (HandshakeForDeflation)
Event: 168542.360 Executing VM operation: HandshakeAllThreads (HandshakeForDeflation) done
Event: 168542.360 Executing VM operation: RendezvousGCThreads
Event: 168542.360 Executing VM operation: RendezvousGCThreads done
Event: 168602.620 Executing VM operation: HandshakeAllThreads (HandshakeForDeflation)
Event: 168602.620 Executing VM operation: HandshakeAllThreads (HandshakeForDeflation) done
Event: 168602.620 Executing VM operation: RendezvousGCThreads
Event: 168602.620 Executing VM operation: RendezvousGCThreads done
Event: 168662.762 Executing VM operation: HandshakeAllThreads (HandshakeForDeflation)
Event: 168662.762 Executing VM operation: HandshakeAllThreads (HandshakeForDeflation) done
Event: 168662.762 Executing VM operation: RendezvousGCThreads
Event: 168662.762 Executing VM operation: RendezvousGCThreads done
Event: 168722.817 Executing VM operation: HandshakeAllThreads (HandshakeForDeflation)
Event: 168722.817 Executing VM operation: HandshakeAllThreads (HandshakeForDeflation) done
Event: 168722.817 Executing VM operation: RendezvousGCThreads
Event: 168722.817 Executing VM operation: RendezvousGCThreads done
Event: 168783.046 Executing VM operation: HandshakeAllThreads (HandshakeForDeflation)
Event: 168783.046 Executing VM operation: HandshakeAllThreads (HandshakeForDeflation) done
Event: 168783.046 Executing VM operation: RendezvousGCThreads
Event: 168783.046 Executing VM operation: RendezvousGCThreads done

Memory protections (0 events):
No events

Nmethod flushes (20 events):
Event: 19.420 Thread 0x00000241462224b0 flushing  nmethod 0x0000024149d39a90
Event: 19.420 Thread 0x00000241462224b0 flushing  nmethod 0x0000024149d51810
Event: 19.420 Thread 0x00000241462224b0 flushing  nmethod 0x0000024149d5f210
Event: 19.420 Thread 0x00000241462224b0 flushing  nmethod 0x0000024149d8d410
Event: 19.420 Thread 0x00000241462224b0 flushing  nmethod 0x0000024149d8e890
Event: 19.420 Thread 0x00000241462224b0 flushing  nmethod 0x0000024149d95190
Event: 19.420 Thread 0x00000241462224b0 flushing  nmethod 0x0000024149d95510
Event: 19.420 Thread 0x00000241462224b0 flushing  nmethod 0x0000024149d96390
Event: 19.420 Thread 0x00000241462224b0 flushing  nmethod 0x0000024149d97910
Event: 19.420 Thread 0x00000241462224b0 flushing  nmethod 0x0000024149da5b10
Event: 19.420 Thread 0x00000241462224b0 flushing  nmethod 0x0000024149da6110
Event: 19.420 Thread 0x00000241462224b0 flushing  nmethod 0x0000024149db9890
Event: 19.420 Thread 0x00000241462224b0 flushing  nmethod 0x0000024149db9d90
Event: 19.420 Thread 0x00000241462224b0 flushing  nmethod 0x0000024149dbc790
Event: 19.420 Thread 0x00000241462224b0 flushing  nmethod 0x0000024149dd5e90
Event: 19.420 Thread 0x00000241462224b0 flushing  nmethod 0x0000024149df1390
Event: 19.420 Thread 0x00000241462224b0 flushing  nmethod 0x0000024149df9c90
Event: 19.420 Thread 0x00000241462224b0 flushing  nmethod 0x0000024149dfa490
Event: 19.420 Thread 0x00000241462224b0 flushing  nmethod 0x0000024149dfaa90
Event: 19.420 Thread 0x00000241462224b0 flushing osr nmethod 0x0000024149e0e010

Events (20 events):
Event: 119.890 Thread 0x00000241641cd4d0 Thread exited: 0x00000241641cd4d0
Event: 119.891 Thread 0x0000024165065d20 Thread exited: 0x0000024165065d20
Event: 119.893 Thread 0x00000241641d0950 Thread exited: 0x00000241641d0950
Event: 121.573 Thread 0x00000241677015a0 Thread exited: 0x00000241677015a0
Event: 181.583 Thread 0x0000024167703670 Thread exited: 0x0000024167703670
Event: 241.591 Thread 0x00000241676fda90 Thread exited: 0x00000241676fda90
Event: 301.591 Thread 0x00000241676fe7b0 Thread exited: 0x00000241676fe7b0
Event: 316.286 Thread 0x00000241641ce880 Thread added: 0x00000241650691a0
Event: 316.293 Thread 0x00000241650691a0 Thread exited: 0x00000241650691a0
Event: 316.308 Thread 0x00000241641ce880 Thread added: 0x0000024165065d20
Event: 316.310 Thread 0x0000024165065d20 Thread exited: 0x0000024165065d20
Event: 316.357 Thread 0x0000024146268780 Thread added: 0x0000024168117ef0
Event: 321.491 Thread 0x0000024168117ef0 Thread exited: 0x0000024168117ef0
Event: 42517.834 Thread 0x0000024167700f10 Thread exited: 0x0000024167700f10
Event: 42603.419 Thread 0x0000024167703d00 Thread exited: 0x0000024167703d00
Event: 42663.427 Thread 0x0000024167704390 Thread exited: 0x0000024167704390
Event: 69110.906 Thread 0x00000241676fe120 Thread added: 0x00000241650691a0
Event: 69111.171 Thread 0x00000241650691a0 Thread added: 0x0000024165065d20
Event: 69171.597 Thread 0x00000241650691a0 Thread exited: 0x00000241650691a0
Event: 69231.610 Thread 0x0000024165065d20 Thread exited: 0x0000024165065d20


Dynamic libraries:
0x00007ff7775c0000 - 0x00007ff7775ce000 	c:\Users\Tharaki Dilshara\.cursor\extensions\redhat.java-1.46.0-win32-x64\jre\21.0.8-win32-x86_64\bin\java.exe
0x00007ff9e3c70000 - 0x00007ff9e3e68000 	C:\windows\SYSTEM32\ntdll.dll
0x00007ff9e2bf0000 - 0x00007ff9e2cb2000 	C:\windows\System32\KERNEL32.DLL
0x00007ff9e16f0000 - 0x00007ff9e19e6000 	C:\windows\System32\KERNELBASE.dll
0x00007ff9e1510000 - 0x00007ff9e1610000 	C:\windows\System32\ucrtbase.dll
0x00007ff990cd0000 - 0x00007ff990ce8000 	c:\Users\Tharaki Dilshara\.cursor\extensions\redhat.java-1.46.0-win32-x64\jre\21.0.8-win32-x86_64\bin\jli.dll
0x00007ff9e2d80000 - 0x00007ff9e2f1d000 	C:\windows\System32\USER32.dll
0x00007ff9e1610000 - 0x00007ff9e1632000 	C:\windows\System32\win32u.dll
0x00007ff9e1d80000 - 0x00007ff9e1dab000 	C:\windows\System32\GDI32.dll
0x00007ff9e1b50000 - 0x00007ff9e1c69000 	C:\windows\System32\gdi32full.dll
0x00007ff9e13a0000 - 0x00007ff9e143d000 	C:\windows\System32\msvcp_win.dll
0x00007ff9ab400000 - 0x00007ff9ab41e000 	c:\Users\Tharaki Dilshara\.cursor\extensions\redhat.java-1.46.0-win32-x64\jre\21.0.8-win32-x86_64\bin\VCRUNTIME140.dll
0x00007ff9c7c50000 - 0x00007ff9c7eeb000 	C:\windows\WinSxS\amd64_microsoft.windows.common-controls_6595b64144ccf1df_6.0.19041.6280_none_60bc30a171f2f3f3\COMCTL32.dll
0x00007ff9e1db0000 - 0x00007ff9e1e4e000 	C:\windows\System32\msvcrt.dll
0x00007ff9e3410000 - 0x00007ff9e343f000 	C:\windows\System32\IMM32.DLL
0x00007ff9c75c0000 - 0x00007ff9c75cc000 	c:\Users\Tharaki Dilshara\.cursor\extensions\redhat.java-1.46.0-win32-x64\jre\21.0.8-win32-x86_64\bin\vcruntime140_1.dll
0x00007ff97be00000 - 0x00007ff97be8d000 	c:\Users\Tharaki Dilshara\.cursor\extensions\redhat.java-1.46.0-win32-x64\jre\21.0.8-win32-x86_64\bin\msvcp140.dll
0x00007ff906620000 - 0x00007ff9073b7000 	c:\Users\Tharaki Dilshara\.cursor\extensions\redhat.java-1.46.0-win32-x64\jre\21.0.8-win32-x86_64\bin\server\jvm.dll
0x00007ff9e2cc0000 - 0x00007ff9e2d71000 	C:\windows\System32\ADVAPI32.dll
0x00007ff9e2f20000 - 0x00007ff9e2fbf000 	C:\windows\System32\sechost.dll
0x00007ff9e30f0000 - 0x00007ff9e3210000 	C:\windows\System32\RPCRT4.dll
0x00007ff9e1c70000 - 0x00007ff9e1c97000 	C:\windows\System32\bcrypt.dll
0x00007ff9e3bc0000 - 0x00007ff9e3c2b000 	C:\windows\System32\WS2_32.dll
0x00007ff9e08a0000 - 0x00007ff9e08eb000 	C:\windows\SYSTEM32\POWRPROF.dll
0x00007ff9d5cc0000 - 0x00007ff9d5ce7000 	C:\windows\SYSTEM32\WINMM.dll
0x00007ff9d5cf0000 - 0x00007ff9d5cfa000 	C:\windows\SYSTEM32\VERSION.dll
0x00007ff9e0710000 - 0x00007ff9e0722000 	C:\windows\SYSTEM32\UMPDC.dll
0x00007ff9df170000 - 0x00007ff9df182000 	C:\windows\SYSTEM32\kernel.appcore.dll
0x00007ff9b8440000 - 0x00007ff9b844a000 	c:\Users\Tharaki Dilshara\.cursor\extensions\redhat.java-1.46.0-win32-x64\jre\21.0.8-win32-x86_64\bin\jimage.dll
0x00007ff9d8aa0000 - 0x00007ff9d8ca1000 	C:\windows\SYSTEM32\DBGHELP.DLL
0x00007ff9cb310000 - 0x00007ff9cb344000 	C:\windows\SYSTEM32\dbgcore.DLL
0x00007ff9e1310000 - 0x00007ff9e1392000 	C:\windows\System32\bcryptPrimitives.dll
0x00007ff9b8150000 - 0x00007ff9b815f000 	c:\Users\Tharaki Dilshara\.cursor\extensions\redhat.java-1.46.0-win32-x64\jre\21.0.8-win32-x86_64\bin\instrument.dll
0x00007ff990a70000 - 0x00007ff990a8f000 	c:\Users\Tharaki Dilshara\.cursor\extensions\redhat.java-1.46.0-win32-x64\jre\21.0.8-win32-x86_64\bin\java.dll
0x00007ff9e3440000 - 0x00007ff9e3bb0000 	C:\windows\System32\SHELL32.dll
0x00007ff9df390000 - 0x00007ff9dfb35000 	C:\windows\SYSTEM32\windows.storage.dll
0x00007ff9e2890000 - 0x00007ff9e2be3000 	C:\windows\System32\combase.dll
0x00007ff9e0d40000 - 0x00007ff9e0d6b000 	C:\windows\SYSTEM32\Wldp.dll
0x00007ff9e27c0000 - 0x00007ff9e288d000 	C:\windows\System32\OLEAUT32.dll
0x00007ff9e32d0000 - 0x00007ff9e337d000 	C:\windows\System32\SHCORE.dll
0x00007ff9e3270000 - 0x00007ff9e32cb000 	C:\windows\System32\shlwapi.dll
0x00007ff9e1240000 - 0x00007ff9e1264000 	C:\windows\SYSTEM32\profapi.dll
0x00007ff98f640000 - 0x00007ff98f658000 	c:\Users\Tharaki Dilshara\.cursor\extensions\redhat.java-1.46.0-win32-x64\jre\21.0.8-win32-x86_64\bin\zip.dll
0x00007ff9b46d0000 - 0x00007ff9b46e0000 	C:\Users\Tharaki Dilshara\.cursor\extensions\redhat.java-1.46.0-win32-x64\jre\21.0.8-win32-x86_64\bin\net.dll
0x00007ff9dd900000 - 0x00007ff9dda0a000 	C:\windows\SYSTEM32\WINHTTP.dll
0x00007ff9e0aa0000 - 0x00007ff9e0b0a000 	C:\windows\system32\mswsock.dll
0x00007ff98f5f0000 - 0x00007ff98f606000 	C:\Users\Tharaki Dilshara\.cursor\extensions\redhat.java-1.46.0-win32-x64\jre\21.0.8-win32-x86_64\bin\nio.dll
0x00007ff9b3a50000 - 0x00007ff9b3a60000 	c:\Users\Tharaki Dilshara\.cursor\extensions\redhat.java-1.46.0-win32-x64\jre\21.0.8-win32-x86_64\bin\verify.dll
0x00007ff974a70000 - 0x00007ff974ab4000 	C:\Users\Tharaki Dilshara\AppData\Roaming\Cursor\User\globalStorage\redhat.java\1.46.0\config_win\org.eclipse.equinox.launcher\org.eclipse.equinox.launcher.win32.win32.x86_64_1.2.1400.v20250801-0854\eclipse_11916.dll
0x00007ff9e2fc0000 - 0x00007ff9e30eb000 	C:\windows\System32\ole32.dll
0x00007ff9e0c90000 - 0x00007ff9e0ca8000 	C:\windows\SYSTEM32\CRYPTSP.dll
0x00007ff9e0350000 - 0x00007ff9e0388000 	C:\windows\system32\rsaenh.dll
0x00007ff9e1200000 - 0x00007ff9e122e000 	C:\windows\SYSTEM32\USERENV.dll
0x00007ff9e0cb0000 - 0x00007ff9e0cbc000 	C:\windows\SYSTEM32\CRYPTBASE.dll
0x00007ff9e0730000 - 0x00007ff9e076b000 	C:\windows\SYSTEM32\IPHLPAPI.DLL
0x00007ff9e3bb0000 - 0x00007ff9e3bb8000 	C:\windows\System32\NSI.dll
0x00007ff9aa340000 - 0x00007ff9aa389000 	C:\Users\Tharaki Dilshara\AppData\Local\Temp\jna-973394842\jna4816508213614360907.dll
0x00007ff9e27b0000 - 0x00007ff9e27b8000 	C:\windows\System32\PSAPI.DLL
0x00007ff9d8ff0000 - 0x00007ff9d9007000 	C:\windows\SYSTEM32\dhcpcsvc6.DLL
0x00007ff9d9a70000 - 0x00007ff9d9a8d000 	C:\windows\SYSTEM32\dhcpcsvc.DLL

JVMTI agents:
c:\Users\Tharaki Dilshara\.cursor\extensions\redhat.java-1.46.0-win32-x64\lombok\lombok-1.18.39-4050.jar path:c:\Users\Tharaki Dilshara\.cursor\extensions\redhat.java-1.46.0-win32-x64\jre\21.0.8-win32-x86_64\bin\instrument.dll, loaded, initialized, instrumentlib options:none

dbghelp: loaded successfully - version: 4.0.5 - missing functions: none
symbol engine: initialized successfully - sym options: 0x614 - pdb path: .;c:\Users\Tharaki Dilshara\.cursor\extensions\redhat.java-1.46.0-win32-x64\jre\21.0.8-win32-x86_64\bin;C:\windows\SYSTEM32;C:\windows\WinSxS\amd64_microsoft.windows.common-controls_6595b64144ccf1df_6.0.19041.6280_none_60bc30a171f2f3f3;c:\Users\Tharaki Dilshara\.cursor\extensions\redhat.java-1.46.0-win32-x64\jre\21.0.8-win32-x86_64\bin\server;C:\Users\Tharaki Dilshara\AppData\Roaming\Cursor\User\globalStorage\redhat.java\1.46.0\config_win\org.eclipse.equinox.launcher\org.eclipse.equinox.launcher.win32.win32.x86_64_1.2.1400.v20250801-0854;C:\Users\Tharaki Dilshara\AppData\Local\Temp\jna-973394842

VM Arguments:
jvm_args: --add-modules=ALL-SYSTEM --add-opens=java.base/java.util=ALL-UNNAMED --add-opens=java.base/java.lang=ALL-UNNAMED --add-opens=java.base/sun.nio.fs=ALL-UNNAMED -Declipse.application=org.eclipse.jdt.ls.core.id1 -Dosgi.bundles.defaultStartLevel=4 -Declipse.product=org.eclipse.jdt.ls.core.product -Djava.import.generatesMetadataFilesAtProjectRoot=false -DDetectVMInstallationsJob.disabled=true -Dfile.encoding=utf8 -XX:+UseParallelGC -XX:GCTimeRatio=4 -XX:AdaptiveSizePolicyWeight=90 -Dsun.zip.disableMemoryMapping=true -Xmx2G -Xms100m -Xlog:disable -javaagent:c:\Users\Tharaki Dilshara\.cursor\extensions\redhat.java-1.46.0-win32-x64\lombok\lombok-1.18.39-4050.jar -XX:+HeapDumpOnOutOfMemoryError -XX:HeapDumpPath=c:\Users\Tharaki Dilshara\AppData\Roaming\Cursor\User\workspaceStorage\dfb0e2f3aec1c32cc4a33c27e290fedf\redhat.java -Daether.dependencyCollector.impl=bf 
java_command: c:\Users\Tharaki Dilshara\.cursor\extensions\redhat.java-1.46.0-win32-x64\server\plugins\org.eclipse.equinox.launcher_1.7.0.v20250519-0528.jar -configuration c:\Users\Tharaki Dilshara\AppData\Roaming\Cursor\User\globalStorage\redhat.java\1.46.0\config_win -data c:\Users\Tharaki Dilshara\AppData\Roaming\Cursor\User\workspaceStorage\dfb0e2f3aec1c32cc4a33c27e290fedf\redhat.java\jdt_ws --pipe=\\.\pipe\lsp-12a5b9479fbb492e8c2d664e61d479f0-sock
java_class_path (initial): c:\Users\Tharaki Dilshara\.cursor\extensions\redhat.java-1.46.0-win32-x64\server\plugins\org.eclipse.equinox.launcher_1.7.0.v20250519-0528.jar
Launcher Type: SUN_STANDARD

[Global flags]
    uintx AdaptiveSizePolicyWeight                 = 90                                        {product} {command line}
     intx CICompilerCount                          = 4                                         {product} {ergonomic}
    uintx GCTimeRatio                              = 4                                         {product} {command line}
     bool HeapDumpOnOutOfMemoryError               = true                                   {manageable} {command line}
    ccstr HeapDumpPath                             = c:\Users\Tharaki Dilshara\AppData\Roaming\Cursor\User\workspaceStorage\dfb0e2f3aec1c32cc4a33c27e290fedf\redhat.java         {manageable} {command line}
   size_t InitialHeapSize                          = 104857600                                 {product} {command line}
   size_t MaxHeapSize                              = 2147483648                                {product} {command line}
   size_t MaxNewSize                               = 715653120                                 {product} {ergonomic}
   size_t MinHeapDeltaBytes                        = 524288                                    {product} {ergonomic}
   size_t MinHeapSize                              = 104857600                                 {product} {command line}
   size_t NewSize                                  = 34603008                                  {product} {ergonomic}
    uintx NonNMethodCodeHeapSize                   = 5839372                                {pd product} {ergonomic}
    uintx NonProfiledCodeHeapSize                  = 122909434                              {pd product} {ergonomic}
   size_t OldSize                                  = 70254592                                  {product} {ergonomic}
    uintx ProfiledCodeHeapSize                     = 122909434                              {pd product} {ergonomic}
    uintx ReservedCodeCacheSize                    = 251658240                              {pd product} {ergonomic}
     bool SegmentedCodeCache                       = true                                      {product} {ergonomic}
   size_t SoftMaxHeapSize                          = 2147483648                             {manageable} {ergonomic}
     bool UseCompressedOops                        = true                           {product lp64_product} {ergonomic}
     bool UseLargePagesIndividualAllocation        = false                                  {pd product} {ergonomic}
     bool UseParallelGC                            = true                                      {product} {command line}

Logging:
Log output configuration:
 #0: stdout all=off uptime,level,tags foldmultilines=false
 #1: stderr all=off uptime,level,tags foldmultilines=false

Environment Variables:
PATH=C:\Program Files\Common Files\Oracle\Java\javapath;C:\windows\system32;C:\windows;C:\windows\System32\Wbem;C:\windows\System32\WindowsPowerShell\v1.0\;C:\windows\System32\OpenSSH\;C:\Program Files\Git\cmd;C:\Program Files\MySQL\MySQL Server 8.0\bin;C:\Program Files\nodejs\;d:\cursor\resources\app\bin;C:\Program Files\GitHub CLI\;C:\Program Files\Java\jdk-17\bin;C:\Users\Tharaki Dilshara\AppData\Local\Programs\Python\Python311\Scripts\;C:\Users\Tharaki Dilshara\AppData\Local\Programs\Python\Python311\;C:\Users\Tharaki Dilshara\AppData\Local\Microsoft\WindowsApps;C:\Users\Tharaki Dilshara\AppData\Local\Programs\Microsoft VS Code\bin;C:\Users\Tharaki Dilshara\AppData\Roaming\npm;C:\Users\Tharaki Dilshara\AppData\Local\Android\Sdk\platform-tools;C:\Users\Tharaki Dilshara\AppData\Local\Android\Sdk\emulator;C:\Users\Tharaki Dilshara\AppData\Local\Android\Sdk\tools;C:\Users\Tharaki Dilshara\AppData\Local\Android\Sdk\tools\bin;C:\Users\Tharaki Dilshara\AppData\Local\Programs\cursor\resources\app\bin
USERNAME=Tharaki Dilshara
OS=Windows_NT
PROCESSOR_IDENTIFIER=AMD64 Family 23 Model 104 Stepping 1, AuthenticAMD
TMP=C:\Users\THARAK~1\AppData\Local\Temp
TEMP=C:\Users\THARAK~1\AppData\Local\Temp




Periodic native trim disabled

---------------  S Y S T E M  ---------------

OS:
 Windows 10 , 64 bit Build 19041 (10.0.19041.5915)
OS uptime: 2 days 17:16 hours

CPU: total 8 (initial active 8) (8 cores per cpu, 2 threads per core) family 23 model 104 stepping 1 microcode 0x0, cx8, cmov, fxsr, ht, mmx, 3dnowpref, sse, sse2, sse3, ssse3, sse4a, sse4.1, sse4.2, popcnt, lzcnt, tsc, tscinvbit, avx, avx2, aes, clmul, bmi1, bmi2, adx, sha, fma, vzeroupper, clflush, clflushopt, rdtscp, rdpid, f16c
Processor Information for the first 8 processors :
  Max Mhz: 2600, Current Mhz: 2600, Mhz Limit: 2600

Memory: 4k page, system-wide physical 15694M (2671M free)
TotalPageFile size 42766M (AvailPageFile size 38M)
current process WorkingSet (physical memory assigned to process): 23M, peak: 458M
current process commit charge ("private bytes"): 494M, peak: 534M

vm_info: OpenJDK 64-Bit Server VM (21.0.8+9-LTS) for windows-amd64 JRE (21.0.8+9-LTS), built on 2025-07-15T00:00:00Z by "admin" with MS VC++ 17.7 (VS2022)

END.
